
22:39:48.555670 IP (tos 0x0, ttl 49, id 28760, offset 0, flags [DF], proto TCP (6), length 235)
    81.24.89.37.39972 > 46.21.150.52.80: Flags [P.], cksum 0xbb88 (correct), seq 2315600151:2315600334, ack 771775121, win 913, options [nop,nop,TS val 209238 ecr 69678], length 183: HTTP, length: 183
	GET / HTTP/1.1
	Host: 46.21.150.52:80
	User-Agent: Mozilla/5.0 (Windows NT 6.1; WOW64) AppleWebKit/537.36 (KHTML, like Gecko) Chrome/51.0.2704.103 Safari/537.36
	Content-Length: 0
	
22:39:48.585671 IP (tos 0x0, ttl 62, id 19187, offset 0, flags [DF], proto TCP (6), length 1104)
    46.21.150.52.80 > 81.24.89.37.39972: Flags [P.], cksum 0x6891 (correct), seq 1:1053, ack 183, win 972, options [nop,nop,TS val 69738 ecr 209238], length 1052: HTTP, length: 1052
	HTTP/1.1 401 Unauthorized
	Server: 
	Date: Sun, 15 Nov 2020 22:39:48 GMT
	WWW-Authenticate: Basic realm="NETGEAR DGN1000 "
	Content-Type: text/html
	Connection: close
	
	<html>
	<head>
	<META http-equiv="Pragma" CONTENT="no-cache">
	<META HTTP-EQUIV="Cache-Control" CONTENT="no-cache">	
	<meta HTTP-EQUIV="Expires" CONTENT="Mon, 06 Jan 1990 00:00:01 GMT"> 
	
	
	<meta name="description" content="DG834N 1049">
	<meta http-equiv="content-type" content="text/html;charset=ISO-8859-1">
	
		
	 
	
	
	
	
	
	
	<title> Authorization warning</title>
	</head>
	
	<body bgcolor="#ffffff">
	<p><font size=4 color="#0099cc" face='Arial,Helvetica,Geneva,Swiss,SunSans-Regular,sans-serif'>Warning</font></p>
	
	<hr color="#0099cc">
	
	<p align="center"><b><font size=3 face='Arial,Helvetica,Geneva,Swiss,SunSans-Regular,sans-serif'>System Authentication Failed.</font></b></p>
	
	<p align="center"><BR><font size=-1 face='Arial,Helvetica,Geneva,Swiss,SunSans-Regular,sans-serif'>
	Please contact your system administrator for the correct information.</font></p>
	
	</body>
	</html>
	</BODY>
	</HTML>
22:48:22.908379 IP (tos 0x0, ttl 47, id 39288, offset 0, flags [DF], proto TCP (6), length 114)
    59.99.47.68.56790 > 46.21.150.52.80: Flags [P.], cksum 0x207c (correct), seq 3863988721:3863988783, ack 153694263, win 1410, options [nop,nop,TS val 13390522 ecr 196909], length 62: HTTP, length: 62
	GET /boaform/admin/formLogin?username=ec8&psd=ec8 HTTP/1.0
	
22:48:22.920228 IP (tos 0x0, ttl 62, id 12727, offset 0, flags [DF], proto TCP (6), length 344)
    46.21.150.52.80 > 59.99.47.68.56790: Flags [P.], cksum 0x9b64 (correct), seq 1:293, ack 62, win 905, options [nop,nop,TS val 198321 ecr 13390522], length 292: HTTP, length: 292
	HTTP/1.0 404 Not Found
	Server: 
	Date: Sun, 15 Nov 2020 22:48:22 GMT
	Content-Type: text/html
	Connection: close
	
	<HTML>
	<HEAD><TITLE>404 Not Found</TITLE></HEAD>
	<BODY BGCOLOR="#cc9999" TEXT="#000000" LINK="#2020ff" VLINK="#4040cc">
	<H4>404 Not Found</H4>
	File not found.
	</BODY>
	</HTML>
22:48:23.247968 IP (tos 0x0, ttl 47, id 39289, offset 0, flags [DF], proto TCP (6), length 185)
    59.99.47.68.56790 > 46.21.150.52.80: Flags [P.], cksum 0x8b29 (correct), seq 62:195, ack 1, win 1410, options [nop,nop,TS val 13390555 ecr 198318], length 133: HTTP
22:48:46.548839 IP (tos 0x0, ttl 52, id 42841, offset 0, flags [DF], proto TCP (6), length 56)
    59.124.171.171.52809 > 46.21.150.52.80: Flags [P.], cksum 0xc532 (correct), seq 4098881053:4098881069, ack 617640742, win 7300, length 16: HTTP, length: 16
	GET / HTTP/1.1
22:48:46.598642 IP (tos 0x0, ttl 52, id 42842, offset 0, flags [DF], proto TCP (6), length 1500)
    59.124.171.171.52809 > 46.21.150.52.80: Flags [.], cksum 0x57d0 (correct), seq 16:1476, ack 1, win 7300, length 1460: HTTP
22:48:46.600834 IP (tos 0x0, ttl 52, id 42843, offset 0, flags [DF], proto TCP (6), length 1500)
    59.124.171.171.52809 > 46.21.150.52.80: Flags [.], cksum 0x8e94 (correct), seq 1476:2936, ack 1, win 7300, length 1460: HTTP
22:48:46.601517 IP (tos 0x0, ttl 62, id 28389, offset 0, flags [DF], proto TCP (6), length 1092)
    46.21.150.52.80 > 59.124.171.171.52809: Flags [P.], cksum 0x3ab5 (correct), seq 1:1053, ack 2936, win 1278, length 1052: HTTP, length: 1052
	HTTP/1.1 401 Unauthorized
	Server: 
	Date: Sun, 15 Nov 2020 22:48:46 GMT
	WWW-Authenticate: Basic realm="NETGEAR DGN1000 "
	Content-Type: text/html
	Connection: close
	
	<html>
	<head>
	<META http-equiv="Pragma" CONTENT="no-cache">
	<META HTTP-EQUIV="Cache-Control" CONTENT="no-cache">	
	<meta HTTP-EQUIV="Expires" CONTENT="Mon, 06 Jan 1990 00:00:01 GMT"> 
	
	
	<meta name="description" content="DG834N 1049">
	<meta http-equiv="content-type" content="text/html;charset=ISO-8859-1">
	
		
	 
	
	
	
	
	
	
	<title> Authorization warning</title>
	</head>
	
	<body bgcolor="#ffffff">
	<p><font size=4 color="#0099cc" face='Arial,Helvetica,Geneva,Swiss,SunSans-Regular,sans-serif'>Warning</font></p>
	
	<hr color="#0099cc">
	
	<p align="center"><b><font size=3 face='Arial,Helvetica,Geneva,Swiss,SunSans-Regular,sans-serif'>System Authentication Failed.</font></b></p>
	
	<p align="center"><BR><font size=-1 face='Arial,Helvetica,Geneva,Swiss,SunSans-Regular,sans-serif'>
	Please contact your system administrator for the correct information.</font></p>
	
	</body>
	</html>
	</BODY>
	</HTML>
22:48:46.602693 IP (tos 0x0, ttl 52, id 42844, offset 0, flags [DF], proto TCP (6), length 1500)
    59.124.171.171.52809 > 46.21.150.52.80: Flags [.], cksum 0x9704 (correct), seq 2936:4396, ack 1, win 7300, length 1460: HTTP
22:48:46.635373 IP (tos 0x0, ttl 52, id 42845, offset 0, flags [DF], proto TCP (6), length 1500)
    59.124.171.171.52809 > 46.21.150.52.80: Flags [.], cksum 0x462e (correct), seq 4396:5856, ack 1, win 7300, length 1460: HTTP
22:48:46.636955 IP (tos 0x0, ttl 52, id 42846, offset 0, flags [DF], proto TCP (6), length 1500)
    59.124.171.171.52809 > 46.21.150.52.80: Flags [.], cksum 0x76fe (correct), seq 5856:7316, ack 1, win 7300, length 1460: HTTP
22:48:46.639176 IP (tos 0x0, ttl 52, id 42847, offset 0, flags [DF], proto TCP (6), length 1500)
    59.124.171.171.52809 > 46.21.150.52.80: Flags [.], cksum 0xcade (correct), seq 7316:8776, ack 1, win 7300, length 1460: HTTP
22:48:46.640734 IP (tos 0x0, ttl 52, id 42848, offset 0, flags [DF], proto TCP (6), length 1500)
    59.124.171.171.52809 > 46.21.150.52.80: Flags [.], cksum 0xf792 (correct), seq 8776:10236, ack 1, win 7300, length 1460: HTTP
22:48:46.642974 IP (tos 0x0, ttl 52, id 42849, offset 0, flags [DF], proto TCP (6), length 1500)
    59.124.171.171.52809 > 46.21.150.52.80: Flags [.], cksum 0x3704 (correct), seq 10236:11696, ack 1, win 7300, length 1460: HTTP
22:48:46.739894 IP (tos 0x0, ttl 52, id 42850, offset 0, flags [DF], proto TCP (6), length 1500)
    59.124.171.171.52809 > 46.21.150.52.80: Flags [.], cksum 0xf033 (correct), seq 11696:13156, ack 1, win 7300, length 1460: HTTP
22:48:46.741845 IP (tos 0x0, ttl 52, id 42851, offset 0, flags [DF], proto TCP (6), length 1500)
    59.124.171.171.52809 > 46.21.150.52.80: Flags [.], cksum 0xa90c (correct), seq 13156:14616, ack 1, win 7300, length 1460: HTTP
22:48:46.743990 IP (tos 0x0, ttl 52, id 42852, offset 0, flags [DF], proto TCP (6), length 1500)
    59.124.171.171.52809 > 46.21.150.52.80: Flags [.], cksum 0x0f02 (correct), seq 14616:16076, ack 1, win 7300, length 1460: HTTP
22:48:46.745756 IP (tos 0x0, ttl 52, id 42853, offset 0, flags [DF], proto TCP (6), length 1500)
    59.124.171.171.52809 > 46.21.150.52.80: Flags [.], cksum 0x8895 (correct), seq 16076:17536, ack 1, win 7300, length 1460: HTTP
22:48:46.747725 IP (tos 0x0, ttl 52, id 42854, offset 0, flags [DF], proto TCP (6), length 1500)
    59.124.171.171.52809 > 46.21.150.52.80: Flags [.], cksum 0x48fe (correct), seq 17536:18996, ack 1, win 7300, length 1460: HTTP
22:48:46.749099 IP (tos 0x0, ttl 52, id 42855, offset 0, flags [DF], proto TCP (6), length 1039)
    59.124.171.171.52809 > 46.21.150.52.80: Flags [P.], cksum 0x6fba (correct), seq 18996:19995, ack 1, win 7300, length 999: HTTP
