
18:39:10.213436 IP (tos 0x0, ttl 48, id 20493, offset 0, flags [DF], proto TCP (6), length 68)
    125.189.150.159.36399 > 46.21.150.52.80: Flags [P.], cksum 0x6cfc (correct), seq 2065965077:2065965093, ack 2790728784, win 913, options [nop,nop,TS val 214462512 ecr 60033], length 16: HTTP, length: 16
	GET / HTTP/1.1
18:39:10.394615 IP (tos 0x0, ttl 48, id 20494, offset 0, flags [DF], proto TCP (6), length 294)
    125.189.150.159.36399 > 46.21.150.52.80: Flags [P.], cksum 0x13a6 (correct), seq 16:258, ack 1, win 913, options [nop,nop,TS val 214462530 ecr 60077], length 242: HTTP
18:39:10.409246 IP (tos 0x0, ttl 62, id 52990, offset 0, flags [DF], proto TCP (6), length 1104)
    46.21.150.52.80 > 125.189.150.159.36399: Flags [P.], cksum 0xd8bd (correct), seq 1:1053, ack 258, win 972, options [nop,nop,TS val 60125 ecr 214462530], length 1052: HTTP, length: 1052
	HTTP/1.1 401 Unauthorized
	Server: 
	Date: Sun, 15 Nov 2020 18:39:09 GMT
	WWW-Authenticate: Basic realm="NETGEAR DGN1000 "
	Content-Type: text/html
	Connection: close
	
	<html>
	<head>
	<META http-equiv="Pragma" CONTENT="no-cache">
	<META HTTP-EQUIV="Cache-Control" CONTENT="no-cache">	
	<meta HTTP-EQUIV="Expires" CONTENT="Mon, 06 Jan 1990 00:00:01 GMT"> 
	
	
	<meta name="description" content="DG834N 1049">
	<meta http-equiv="content-type" content="text/html;charset=ISO-8859-1">
	
		
	 
	
	
	
	
	
	
	<title> Authorization warning</title>
	</head>
	
	<body bgcolor="#ffffff">
	<p><font size=4 color="#0099cc" face='Arial,Helvetica,Geneva,Swiss,SunSans-Regular,sans-serif'>Warning</font></p>
	
	<hr color="#0099cc">
	
	<p align="center"><b><font size=3 face='Arial,Helvetica,Geneva,Swiss,SunSans-Regular,sans-serif'>System Authentication Failed.</font></b></p>
	
	<p align="center"><BR><font size=-1 face='Arial,Helvetica,Geneva,Swiss,SunSans-Regular,sans-serif'>
	Please contact your system administrator for the correct information.</font></p>
	
	</body>
	</html>
	</BODY>
	</HTML>
