
23:53:16.450694 IP (tos 0x0, ttl 55, id 27779, offset 0, flags [DF], proto TCP (6), length 68)
    220.135.156.151.50943 > 46.21.150.52.80: Flags [P.], cksum 0x9a40 (correct), seq 2588356561:2588356577, ack 3889752697, win 454, options [nop,nop,TS val 11354976 ecr 271315], length 16: HTTP, length: 16
	GET / HTTP/1.1
23:53:16.597509 IP (tos 0x0, ttl 55, id 27780, offset 0, flags [DF], proto TCP (6), length 294)
    220.135.156.151.50943 > 46.21.150.52.80: Flags [P.], cksum 0x40f5 (correct), seq 16:258, ack 1, win 454, options [nop,nop,TS val 11354991 ecr 271351], length 242: HTTP
23:53:16.613829 IP (tos 0x0, ttl 62, id 51600, offset 0, flags [DF], proto TCP (6), length 1104)
    46.21.150.52.80 > 220.135.156.151.50943: Flags [P.], cksum 0x1c4b (correct), seq 1:1053, ack 258, win 972, options [nop,nop,TS val 271391 ecr 11354991], length 1052: HTTP, length: 1052
	HTTP/1.1 401 Unauthorized
	Server: 
	Date: Sat, 14 Nov 2020 23:53:16 GMT
	WWW-Authenticate: Basic realm="NETGEAR DGN1000 "
	Content-Type: text/html
	Connection: close
	
	<html>
	<head>
	<META http-equiv="Pragma" CONTENT="no-cache">
	<META HTTP-EQUIV="Cache-Control" CONTENT="no-cache">	
	<meta HTTP-EQUIV="Expires" CONTENT="Mon, 06 Jan 1990 00:00:01 GMT"> 
	
	
	<meta name="description" content="DG834N 1049">
	<meta http-equiv="content-type" content="text/html;charset=ISO-8859-1">
	
		
	 
	
	
	
	
	
	
	<title> Authorization warning</title>
	</head>
	
	<body bgcolor="#ffffff">
	<p><font size=4 color="#0099cc" face='Arial,Helvetica,Geneva,Swiss,SunSans-Regular,sans-serif'>Warning</font></p>
	
	<hr color="#0099cc">
	
	<p align="center"><b><font size=3 face='Arial,Helvetica,Geneva,Swiss,SunSans-Regular,sans-serif'>System Authentication Failed.</font></b></p>
	
	<p align="center"><BR><font size=-1 face='Arial,Helvetica,Geneva,Swiss,SunSans-Regular,sans-serif'>
	Please contact your system administrator for the correct information.</font></p>
	
	</body>
	</html>
	</BODY>
	</HTML>
