
14:27:29.205280 IP (tos 0x0, ttl 53, id 7691, offset 0, flags [DF], proto TCP (6), length 256)
    128.14.133.58.60412 > 46.21.150.52.80: Flags [P.], cksum 0xf54f (correct), seq 223466583:223466787, ack 3128830108, win 229, options [nop,nop,TS val 48613984 ecr 334842], length 204: HTTP, length: 204
	GET / HTTP/1.1
	Host: 46.21.150.52
	User-Agent: Mozilla/5.0 (Windows NT 10.0; Win64; x64) AppleWebKit/537.36 (KHTML, like Gecko) Chrome/60.0.3112.113 Safari/537.36 
	Accept: */*
	Accept-Encoding: gzip
	
14:27:29.233575 IP (tos 0x0, ttl 62, id 13160, offset 0, flags [DF], proto TCP (6), length 1104)
    46.21.150.52.80 > 128.14.133.58.60412: Flags [P.], cksum 0xa9f9 (correct), seq 1:1053, ack 204, win 972, options [nop,nop,TS val 334850 ecr 48613984], length 1052: HTTP, length: 1052
	HTTP/1.1 401 Unauthorized
	Server: 
	Date: Sun, 15 Nov 2020 14:27:28 GMT
	WWW-Authenticate: Basic realm="NETGEAR DGN1000 "
	Content-Type: text/html
	Connection: close
	
	<html>
	<head>
	<META http-equiv="Pragma" CONTENT="no-cache">
	<META HTTP-EQUIV="Cache-Control" CONTENT="no-cache">	
	<meta HTTP-EQUIV="Expires" CONTENT="Mon, 06 Jan 1990 00:00:01 GMT"> 
	
	
	<meta name="description" content="DG834N 1049">
	<meta http-equiv="content-type" content="text/html;charset=ISO-8859-1">
	
		
	 
	
	
	
	
	
	
	<title> Authorization warning</title>
	</head>
	
	<body bgcolor="#ffffff">
	<p><font size=4 color="#0099cc" face='Arial,Helvetica,Geneva,Swiss,SunSans-Regular,sans-serif'>Warning</font></p>
	
	<hr color="#0099cc">
	
	<p align="center"><b><font size=3 face='Arial,Helvetica,Geneva,Swiss,SunSans-Regular,sans-serif'>System Authentication Failed.</font></b></p>
	
	<p align="center"><BR><font size=-1 face='Arial,Helvetica,Geneva,Swiss,SunSans-Regular,sans-serif'>
	Please contact your system administrator for the correct information.</font></p>
	
	</body>
	</html>
	</BODY>
	</HTML>
