
05:50:58.212631 IP (tos 0x0, ttl 52, id 46172, offset 0, flags [DF], proto TCP (6), length 56)
    1.34.39.181.47129 > 46.21.150.52.80: Flags [P.], cksum 0x1e23 (correct), seq 3256491190:3256491206, ack 4216202237, win 7260, length 16: HTTP, length: 16
	GET / HTTP/1.1
05:50:58.370690 IP (tos 0x0, ttl 52, id 46173, offset 0, flags [DF], proto TCP (6), length 282)
    1.34.39.181.47129 > 46.21.150.52.80: Flags [P.], cksum 0xc50a (correct), seq 16:258, ack 1, win 7260, length 242: HTTP
05:50:58.383556 IP (tos 0x0, ttl 62, id 48703, offset 0, flags [DF], proto TCP (6), length 1092)
    46.21.150.52.80 > 1.34.39.181.47129: Flags [P.], cksum 0xa818 (correct), seq 1:1053, ack 258, win 980, length 1052: HTTP, length: 1052
	HTTP/1.1 401 Unauthorized
	Server: 
	Date: Sun, 15 Nov 2020 05:50:57 GMT
	WWW-Authenticate: Basic realm="NETGEAR DGN1000 "
	Content-Type: text/html
	Connection: close
	
	<html>
	<head>
	<META http-equiv="Pragma" CONTENT="no-cache">
	<META HTTP-EQUIV="Cache-Control" CONTENT="no-cache">	
	<meta HTTP-EQUIV="Expires" CONTENT="Mon, 06 Jan 1990 00:00:01 GMT"> 
	
	
	<meta name="description" content="DG834N 1049">
	<meta http-equiv="content-type" content="text/html;charset=ISO-8859-1">
	
		
	 
	
	
	
	
	
	
	<title> Authorization warning</title>
	</head>
	
	<body bgcolor="#ffffff">
	<p><font size=4 color="#0099cc" face='Arial,Helvetica,Geneva,Swiss,SunSans-Regular,sans-serif'>Warning</font></p>
	
	<hr color="#0099cc">
	
	<p align="center"><b><font size=3 face='Arial,Helvetica,Geneva,Swiss,SunSans-Regular,sans-serif'>System Authentication Failed.</font></b></p>
	
	<p align="center"><BR><font size=-1 face='Arial,Helvetica,Geneva,Swiss,SunSans-Regular,sans-serif'>
	Please contact your system administrator for the correct information.</font></p>
	
	</body>
	</html>
	</BODY>
	</HTML>
05:53:04.528394 IP (tos 0x0, ttl 54, id 27341, offset 0, flags [DF], proto TCP (6), length 56)
    59.126.240.14.36697 > 46.21.150.52.80: Flags [P.], cksum 0xba92 (correct), seq 3592266454:3592266470, ack 1891802624, win 7260, length 16: HTTP, length: 16
	GET / HTTP/1.1
05:53:04.675250 IP (tos 0x0, ttl 54, id 27342, offset 0, flags [DF], proto TCP (6), length 282)
    59.126.240.14.36697 > 46.21.150.52.80: Flags [P.], cksum 0x617a (correct), seq 16:258, ack 1, win 7260, length 242: HTTP
05:53:04.678136 IP (tos 0x0, ttl 62, id 34591, offset 0, flags [DF], proto TCP (6), length 1092)
    46.21.150.52.80 > 59.126.240.14.36697: Flags [P.], cksum 0x468b (correct), seq 1:1053, ack 258, win 980, length 1052: HTTP, length: 1052
	HTTP/1.1 401 Unauthorized
	Server: 
	Date: Sun, 15 Nov 2020 05:53:04 GMT
	WWW-Authenticate: Basic realm="NETGEAR DGN1000 "
	Content-Type: text/html
	Connection: close
	
	<html>
	<head>
	<META http-equiv="Pragma" CONTENT="no-cache">
	<META HTTP-EQUIV="Cache-Control" CONTENT="no-cache">	
	<meta HTTP-EQUIV="Expires" CONTENT="Mon, 06 Jan 1990 00:00:01 GMT"> 
	
	
	<meta name="description" content="DG834N 1049">
	<meta http-equiv="content-type" content="text/html;charset=ISO-8859-1">
	
		
	 
	
	
	
	
	
	
	<title> Authorization warning</title>
	</head>
	
	<body bgcolor="#ffffff">
	<p><font size=4 color="#0099cc" face='Arial,Helvetica,Geneva,Swiss,SunSans-Regular,sans-serif'>Warning</font></p>
	
	<hr color="#0099cc">
	
	<p align="center"><b><font size=3 face='Arial,Helvetica,Geneva,Swiss,SunSans-Regular,sans-serif'>System Authentication Failed.</font></b></p>
	
	<p align="center"><BR><font size=-1 face='Arial,Helvetica,Geneva,Swiss,SunSans-Regular,sans-serif'>
	Please contact your system administrator for the correct information.</font></p>
	
	</body>
	</html>
	</BODY>
	</HTML>
