
23:44:31.777868 IP (tos 0x0, ttl 51, id 50223, offset 0, flags [DF], proto TCP (6), length 112)
    83.97.20.30.13886 > 46.21.150.52.80: Flags [P.], cksum 0xb73f (correct), seq 476737810:476737870, ack 1297188857, win 628, options [nop,nop,TS val 2126363773 ecr 139998], length 60: HTTP, length: 60
	GET / HTTP/1.0
	Host: 46.21.150.52:80
	Connection: close
	
23:44:31.794464 IP (tos 0x0, ttl 62, id 42228, offset 0, flags [DF], proto TCP (6), length 1104)
    46.21.150.52.80 > 83.97.20.30.13886: Flags [P.], cksum 0xeab5 (correct), seq 1:1053, ack 60, win 905, options [nop,nop,TS val 140466 ecr 2126363773], length 1052: HTTP, length: 1052
	HTTP/1.0 401 Unauthorized
	Server: 
	Date: Sun, 15 Nov 2020 23:44:31 GMT
	WWW-Authenticate: Basic realm="NETGEAR DGN1000 "
	Content-Type: text/html
	Connection: close
	
	<html>
	<head>
	<META http-equiv="Pragma" CONTENT="no-cache">
	<META HTTP-EQUIV="Cache-Control" CONTENT="no-cache">	
	<meta HTTP-EQUIV="Expires" CONTENT="Mon, 06 Jan 1990 00:00:01 GMT"> 
	
	
	<meta name="description" content="DG834N 1049">
	<meta http-equiv="content-type" content="text/html;charset=ISO-8859-1">
	
		
	 
	
	
	
	
	
	
	<title> Authorization warning</title>
	</head>
	
	<body bgcolor="#ffffff">
	<p><font size=4 color="#0099cc" face='Arial,Helvetica,Geneva,Swiss,SunSans-Regular,sans-serif'>Warning</font></p>
	
	<hr color="#0099cc">
	
	<p align="center"><b><font size=3 face='Arial,Helvetica,Geneva,Swiss,SunSans-Regular,sans-serif'>System Authentication Failed.</font></b></p>
	
	<p align="center"><BR><font size=-1 face='Arial,Helvetica,Geneva,Swiss,SunSans-Regular,sans-serif'>
	Please contact your system administrator for the correct information.</font></p>
	
	</body>
	</html>
	</BODY>
	</HTML>
