
10:44:32.731704 IP (tos 0x0, ttl 51, id 7932, offset 0, flags [DF], proto TCP (6), length 403)
    2.57.122.186.45392 > 46.21.150.52.80: Flags [P.], cksum 0xad46 (correct), seq 3127406760:3127407111, ack 246207756, win 229, options [nop,nop,TS val 1357824196 ecr 140819], length 351: HTTP, length: 351
	GET /config/getuser?index=0 HTTP/1.1
	Host: 46.21.150.52:80
	User-Agent: Mozilla/5.0 (X11; Ubuntu; Linux x86_64; rv:76.0) Gecko/20100101 Firefox/76.0
	Accept: text/html,application/xhtml+xml,application/xml;q=0.9,image/webp,*/*;q=0.8
	Accept-Language: en-GB,en;q=0.5
	Accept-Encoding: gzip, deflate
	Connection: close
	Upgrade-Insecure-Requests: 1
	
10:44:32.748587 IP (tos 0x0, ttl 62, id 62286, offset 0, flags [DF], proto TCP (6), length 344)
    46.21.150.52.80 > 2.57.122.186.45392: Flags [P.], cksum 0xb356 (correct), seq 1:293, ack 351, win 972, options [nop,nop,TS val 140868 ecr 1357824196], length 292: HTTP, length: 292
	HTTP/1.1 404 Not Found
	Server: 
	Date: Sun, 15 Nov 2020 10:44:32 GMT
	Content-Type: text/html
	Connection: close
	
	<HTML>
	<HEAD><TITLE>404 Not Found</TITLE></HEAD>
	<BODY BGCOLOR="#cc9999" TEXT="#000000" LINK="#2020ff" VLINK="#4040cc">
	<H4>404 Not Found</H4>
	File not found.
	</BODY>
	</HTML>
