20:22:05.194545 IP (tos 0x0, ttl 51, id 62419, offset 0, flags [DF], proto TCP (6), length 540)
    74.135.2.111.37936 > 46.21.150.52.80: Flags [P.], cksum 0xeb2e (correct), seq 3931114007:3931114495, ack 3396682325, win 502, options [nop,nop,TS val 3993615980 ecr 4294932760], length 488: HTTP, length: 488
	GET /@start_page HTTP/1.1
	Host: 46.21.150.52
	Connection: keep-alive
	Cache-Control: max-age=0
	Upgrade-Insecure-Requests: 1
	User-Agent: Mozilla/5.0 (X11; Linux x86_64) AppleWebKit/537.36 (KHTML, like Gecko) Chrome/85.0.4183.83 Safari/537.36
	Accept: text/html,application/xhtml+xml,application/xml;q=0.9,image/avif,image/webp,image/apng,*/*;q=0.8,application/signed-exchange;v=b3;q=0.9
	Referer: http://46.21.150.52/
	Accept-Encoding: gzip, deflate
	Accept-Language: en-US,en;q=0.9
	
20:22:05.196709 IP (tos 0x0, ttl 62, id 15231, offset 0, flags [DF], proto TCP (6), length 344)
    46.21.150.52.80 > 74.135.2.111.37936: Flags [P.], cksum 0x19f1 (correct), seq 1:293, ack 488, win 972, options [nop,nop,TS val 4294932779 ecr 3993615980], length 292: HTTP, length: 292
	HTTP/1.1 404 Not Found
	Server: 
	Date: Sat, 14 Nov 2020 20:22:05 GMT
	Content-Type: text/html
	Connection: close
	
	<HTML>
	<HEAD><TITLE>404 Not Found</TITLE></HEAD>
	<BODY BGCOLOR="#cc9999" TEXT="#000000" LINK="#2020ff" VLINK="#4040cc">
	<H4>404 Not Found</H4>
	File not found.
	</BODY>
	</HTML>
