
11:06:06.415953 IP (tos 0x0, ttl 45, id 19916, offset 0, flags [DF], proto TCP (6), length 249)
    118.89.52.173.43220 > 46.21.150.52.80: Flags [P.], cksum 0x811d (correct), seq 232509295:232509492, ack 3244849072, win 229, options [nop,nop,TS val 273646414 ecr 14170], length 197: HTTP, length: 197
	GET /TP/public/index.php HTTP/1.1
	Host: 46.21.150.52
	User-Agent: Mozilla/5.0 (Windows; U; Windows NT 6.0;en-US; rv:1.9.2) Gecko/20100115 Firefox/3.6)
	Connection: close
	Accept-Encoding: gzip
	
11:06:06.428542 IP (tos 0x0, ttl 62, id 16438, offset 0, flags [DF], proto TCP (6), length 344)
    46.21.150.52.80 > 118.89.52.173.43220: Flags [P.], cksum 0xf294 (correct), seq 1:293, ack 197, win 972, options [nop,nop,TS val 14215 ecr 273646414], length 292: HTTP, length: 292
	HTTP/1.1 404 Not Found
	Server: 
	Date: Sun, 15 Nov 2020 11:06:06 GMT
	Content-Type: text/html
	Connection: close
	
	<HTML>
	<HEAD><TITLE>404 Not Found</TITLE></HEAD>
	<BODY BGCOLOR="#cc9999" TEXT="#000000" LINK="#2020ff" VLINK="#4040cc">
	<H4>404 Not Found</H4>
	File not found.
	</BODY>
	</HTML>
11:06:06.764190 IP (tos 0x0, ttl 48, id 17982, offset 0, flags [DF], proto TCP (6), length 242)
    118.89.52.173.44168 > 46.21.150.52.80: Flags [P.], cksum 0x58b8 (correct), seq 574014011:574014201, ack 3262808631, win 229, options [nop,nop,TS val 273646768 ecr 14257], length 190: HTTP, length: 190
	GET /TP/index.php HTTP/1.1
	Host: 46.21.150.52
	User-Agent: Mozilla/5.0 (Windows; U; Windows NT 6.0;en-US; rv:1.9.2) Gecko/20100115 Firefox/3.6)
	Connection: close
	Accept-Encoding: gzip
	
11:06:06.767008 IP (tos 0x0, ttl 62, id 46572, offset 0, flags [DF], proto TCP (6), length 344)
    46.21.150.52.80 > 118.89.52.173.44168: Flags [P.], cksum 0xda70 (correct), seq 1:293, ack 190, win 972, options [nop,nop,TS val 14300 ecr 273646768], length 292: HTTP, length: 292
	HTTP/1.1 404 Not Found
	Server: 
	Date: Sun, 15 Nov 2020 11:06:06 GMT
	Content-Type: text/html
	Connection: close
	
	<HTML>
	<HEAD><TITLE>404 Not Found</TITLE></HEAD>
	<BODY BGCOLOR="#cc9999" TEXT="#000000" LINK="#2020ff" VLINK="#4040cc">
	<H4>404 Not Found</H4>
	File not found.
	</BODY>
	</HTML>
11:06:07.098538 IP (tos 0x0, ttl 48, id 33425, offset 0, flags [DF], proto TCP (6), length 260)
    118.89.52.173.45328 > 46.21.150.52.80: Flags [P.], cksum 0x3adc (correct), seq 4219078612:4219078820, ack 3258763661, win 229, options [nop,nop,TS val 273647101 ecr 14343], length 208: HTTP, length: 208
	GET /thinkphp/html/public/index.php HTTP/1.1
	Host: 46.21.150.52
	User-Agent: Mozilla/5.0 (Windows; U; Windows NT 6.0;en-US; rv:1.9.2) Gecko/20100115 Firefox/3.6)
	Connection: close
	Accept-Encoding: gzip
	
11:06:07.101481 IP (tos 0x0, ttl 62, id 61859, offset 0, flags [DF], proto TCP (6), length 344)
    46.21.150.52.80 > 118.89.52.173.45328: Flags [P.], cksum 0x6e40 (correct), seq 1:293, ack 208, win 972, options [nop,nop,TS val 14384 ecr 273647101], length 292: HTTP, length: 292
	HTTP/1.1 404 Not Found
	Server: 
	Date: Sun, 15 Nov 2020 11:06:06 GMT
	Content-Type: text/html
	Connection: close
	
	<HTML>
	<HEAD><TITLE>404 Not Found</TITLE></HEAD>
	<BODY BGCOLOR="#cc9999" TEXT="#000000" LINK="#2020ff" VLINK="#4040cc">
	<H4>404 Not Found</H4>
	File not found.
	</BODY>
	</HTML>
11:06:07.434759 IP (tos 0x0, ttl 48, id 28586, offset 0, flags [DF], proto TCP (6), length 251)
    118.89.52.173.47104 > 46.21.150.52.80: Flags [P.], cksum 0x9c49 (correct), seq 1236068620:1236068819, ack 3265093938, win 229, options [nop,nop,TS val 273647438 ecr 14425], length 199: HTTP, length: 199
	GET /html/public/index.php HTTP/1.1
	Host: 46.21.150.52
	User-Agent: Mozilla/5.0 (Windows; U; Windows NT 6.0;en-US; rv:1.9.2) Gecko/20100115 Firefox/3.6)
	Connection: close
	Accept-Encoding: gzip
	
11:06:07.438983 IP (tos 0x0, ttl 62, id 22967, offset 0, flags [DF], proto TCP (6), length 344)
    46.21.150.52.80 > 118.89.52.173.47104: Flags [P.], cksum 0x9d44 (correct), seq 1:293, ack 199, win 972, options [nop,nop,TS val 14468 ecr 273647438], length 292: HTTP, length: 292
	HTTP/1.1 404 Not Found
	Server: 
	Date: Sun, 15 Nov 2020 11:06:07 GMT
	Content-Type: text/html
	Connection: close
	
	<HTML>
	<HEAD><TITLE>404 Not Found</TITLE></HEAD>
	<BODY BGCOLOR="#cc9999" TEXT="#000000" LINK="#2020ff" VLINK="#4040cc">
	<H4>404 Not Found</H4>
	File not found.
	</BODY>
	</HTML>
11:06:07.779081 IP (tos 0x0, ttl 48, id 60764, offset 0, flags [DF], proto TCP (6), length 246)
    118.89.52.173.48072 > 46.21.150.52.80: Flags [P.], cksum 0xee82 (correct), seq 3665193639:3665193833, ack 3270279726, win 229, options [nop,nop,TS val 273647782 ecr 14511], length 194: HTTP, length: 194
	GET /public/index.php HTTP/1.1
	Host: 46.21.150.52
	User-Agent: Mozilla/5.0 (Windows; U; Windows NT 6.0;en-US; rv:1.9.2) Gecko/20100115 Firefox/3.6)
	Connection: close
	Accept-Encoding: gzip
	
11:06:07.781394 IP (tos 0x0, ttl 62, id 47861, offset 0, flags [DF], proto TCP (6), length 344)
    46.21.150.52.80 > 118.89.52.173.48072: Flags [P.], cksum 0x6423 (correct), seq 1:293, ack 194, win 972, options [nop,nop,TS val 14554 ecr 273647782], length 292: HTTP, length: 292
	HTTP/1.1 404 Not Found
	Server: 
	Date: Sun, 15 Nov 2020 11:06:07 GMT
	Content-Type: text/html
	Connection: close
	
	<HTML>
	<HEAD><TITLE>404 Not Found</TITLE></HEAD>
	<BODY BGCOLOR="#cc9999" TEXT="#000000" LINK="#2020ff" VLINK="#4040cc">
	<H4>404 Not Found</H4>
	File not found.
	</BODY>
	</HTML>
11:06:08.119852 IP (tos 0x0, ttl 48, id 45482, offset 0, flags [DF], proto TCP (6), length 254)
    118.89.52.173.49200 > 46.21.150.52.80: Flags [P.], cksum 0x7338 (correct), seq 563427579:563427781, ack 3283258305, win 229, options [nop,nop,TS val 273648124 ecr 14596], length 202: HTTP, length: 202
	GET /TP/html/public/index.php HTTP/1.1
	Host: 46.21.150.52
	User-Agent: Mozilla/5.0 (Windows; U; Windows NT 6.0;en-US; rv:1.9.2) Gecko/20100115 Firefox/3.6)
	Connection: close
	Accept-Encoding: gzip
	
11:06:08.122265 IP (tos 0x0, ttl 62, id 45807, offset 0, flags [DF], proto TCP (6), length 344)
    46.21.150.52.80 > 118.89.52.173.49200: Flags [P.], cksum 0x3e3d (correct), seq 1:293, ack 202, win 972, options [nop,nop,TS val 14639 ecr 273648124], length 292: HTTP, length: 292
	HTTP/1.1 404 Not Found
	Server: 
	Date: Sun, 15 Nov 2020 11:06:07 GMT
	Content-Type: text/html
	Connection: close
	
	<HTML>
	<HEAD><TITLE>404 Not Found</TITLE></HEAD>
	<BODY BGCOLOR="#cc9999" TEXT="#000000" LINK="#2020ff" VLINK="#4040cc">
	<H4>404 Not Found</H4>
	File not found.
	</BODY>
	</HTML>
11:06:08.461349 IP (tos 0x0, ttl 48, id 53285, offset 0, flags [DF], proto TCP (6), length 240)
    118.89.52.173.51052 > 46.21.150.52.80: Flags [P.], cksum 0x19d8 (correct), seq 533355141:533355329, ack 3282523893, win 229, options [nop,nop,TS val 273648465 ecr 14682], length 188: HTTP, length: 188
	GET /elrekt.php HTTP/1.1
	Host: 46.21.150.52
	User-Agent: Mozilla/5.0 (Windows; U; Windows NT 6.0;en-US; rv:1.9.2) Gecko/20100115 Firefox/3.6)
	Connection: close
	Accept-Encoding: gzip
	
11:06:08.463518 IP (tos 0x0, ttl 62, id 28530, offset 0, flags [DF], proto TCP (6), length 344)
    46.21.150.52.80 > 118.89.52.173.51052: Flags [P.], cksum 0x497d (correct), seq 1:293, ack 188, win 972, options [nop,nop,TS val 14724 ecr 273648465], length 292: HTTP, length: 292
	HTTP/1.1 404 Not Found
	Server: 
	Date: Sun, 15 Nov 2020 11:06:08 GMT
	Content-Type: text/html
	Connection: close
	
	<HTML>
	<HEAD><TITLE>404 Not Found</TITLE></HEAD>
	<BODY BGCOLOR="#cc9999" TEXT="#000000" LINK="#2020ff" VLINK="#4040cc">
	<H4>404 Not Found</H4>
	File not found.
	</BODY>
	</HTML>
11:06:08.795037 IP (tos 0x0, ttl 48, id 30057, offset 0, flags [DF], proto TCP (6), length 239)
    118.89.52.173.51962 > 46.21.150.52.80: Flags [P.], cksum 0xabf1 (correct), seq 112459420:112459607, ack 3287003227, win 229, options [nop,nop,TS val 273648798 ecr 14767], length 187: HTTP, length: 187
	GET /index.php HTTP/1.1
	Host: 46.21.150.52
	User-Agent: Mozilla/5.0 (Windows; U; Windows NT 6.0;en-US; rv:1.9.2) Gecko/20100115 Firefox/3.6)
	Connection: close
	Accept-Encoding: gzip
	
11:06:08.797434 IP (tos 0x0, ttl 62, id 35204, offset 0, flags [DF], proto TCP (6), length 344)
    46.21.150.52.80 > 118.89.52.173.51962: Flags [P.], cksum 0x5fa4 (correct), seq 1:293, ack 187, win 972, options [nop,nop,TS val 14808 ecr 273648798], length 292: HTTP, length: 292
	HTTP/1.1 404 Not Found
	Server: 
	Date: Sun, 15 Nov 2020 11:06:08 GMT
	Content-Type: text/html
	Connection: close
	
	<HTML>
	<HEAD><TITLE>404 Not Found</TITLE></HEAD>
	<BODY BGCOLOR="#cc9999" TEXT="#000000" LINK="#2020ff" VLINK="#4040cc">
	<H4>404 Not Found</H4>
	File not found.
	</BODY>
	</HTML>
11:06:09.135087 IP (tos 0x0, ttl 48, id 40001, offset 0, flags [DF], proto TCP (6), length 233)
    118.89.52.173.53078 > 46.21.150.52.80: Flags [P.], cksum 0xa2b8 (correct), seq 4060549503:4060549684, ack 3292131272, win 229, options [nop,nop,TS val 273649138 ecr 14848], length 181: HTTP, length: 181
	GET / HTTP/1.1
	Host: 46.21.150.52:80
	User-Agent: Mozilla/5.0 (Windows; U; Windows NT 6.0;en-US; rv:1.9.2) Gecko/20100115 Firefox/3.6)
	Connection: close
	Accept-Encoding: gzip
	
11:06:09.142212 IP (tos 0x0, ttl 62, id 54758, offset 0, flags [DF], proto TCP (6), length 1104)
    46.21.150.52.80 > 118.89.52.173.53078: Flags [P.], cksum 0x4215 (correct), seq 1:1053, ack 181, win 972, options [nop,nop,TS val 14894 ecr 273649138], length 1052: HTTP, length: 1052
	HTTP/1.1 401 Unauthorized
	Server: 
	Date: Sun, 15 Nov 2020 11:06:08 GMT
	WWW-Authenticate: Basic realm="NETGEAR DGN1000 "
	Content-Type: text/html
	Connection: close
	
	<html>
	<head>
	<META http-equiv="Pragma" CONTENT="no-cache">
	<META HTTP-EQUIV="Cache-Control" CONTENT="no-cache">	
	<meta HTTP-EQUIV="Expires" CONTENT="Mon, 06 Jan 1990 00:00:01 GMT"> 
	
	
	<meta name="description" content="DG834N 1049">
	<meta http-equiv="content-type" content="text/html;charset=ISO-8859-1">
	
		
	 
	
	
	
	
	
	
	<title> Authorization warning</title>
	</head>
	
	<body bgcolor="#ffffff">
	<p><font size=4 color="#0099cc" face='Arial,Helvetica,Geneva,Swiss,SunSans-Regular,sans-serif'>Warning</font></p>
	
	<hr color="#0099cc">
	
	<p align="center"><b><font size=3 face='Arial,Helvetica,Geneva,Swiss,SunSans-Regular,sans-serif'>System Authentication Failed.</font></b></p>
	
	<p align="center"><BR><font size=-1 face='Arial,Helvetica,Geneva,Swiss,SunSans-Regular,sans-serif'>
	Please contact your system administrator for the correct information.</font></p>
	
	</body>
	</html>
	</BODY>
	</HTML>
11:06:09.173493 IP (tos 0x0, ttl 62, id 29065, offset 0, flags [DF], proto TCP (6), length 353)
    46.21.150.52.80 > 118.89.52.173.41326: Flags [P.], cksum 0x6025 (correct), seq 3242542777:3242543078, ack 3562151143, win 905, options [nop,nop,TS val 14902 ecr 273649173], length 301: HTTP, length: 301
	(null) 400 Bad Request
	Server: 
	Date: Sun, 15 Nov 2020 11:06:08 GMT
	Content-Type: text/html
	Connection: close
	
	<HTML>
	<HEAD><TITLE>400 Bad Request</TITLE></HEAD>
	<BODY BGCOLOR="#cc9999" TEXT="#000000" LINK="#2020ff" VLINK="#4040cc">
	<H4>400 Bad Request</H4>
	Can't parse request.
	</BODY>
	</HTML>
11:20:28.778728 IP (tos 0x0, ttl 54, id 13463, offset 0, flags [DF], proto TCP (6), length 93)
    167.248.133.54.53948 > 46.21.150.52.80: Flags [P.], cksum 0xc2ef (correct), seq 3607083454:3607083495, ack 3874399764, win 126, options [nop,nop,TS val 474006489 ecr 229537], length 41: HTTP, length: 41
	GET / HTTP/1.1
	Host: 46.21.150.52:80
	
11:20:28.781699 IP (tos 0x0, ttl 62, id 9916, offset 0, flags [DF], proto TCP (6), length 1104)
    46.21.150.52.80 > 167.248.133.54.53948: Flags [P.], cksum 0xd1c3 (correct), seq 1:1053, ack 41, win 905, options [nop,nop,TS val 229802 ecr 474006489], length 1052: HTTP, length: 1052
	HTTP/1.1 401 Unauthorized
	Server: 
	Date: Sun, 15 Nov 2020 11:20:28 GMT
	WWW-Authenticate: Basic realm="NETGEAR DGN1000 "
	Content-Type: text/html
	Connection: close
	
	<html>
	<head>
	<META http-equiv="Pragma" CONTENT="no-cache">
	<META HTTP-EQUIV="Cache-Control" CONTENT="no-cache">	
	<meta HTTP-EQUIV="Expires" CONTENT="Mon, 06 Jan 1990 00:00:01 GMT"> 
	
	
	<meta name="description" content="DG834N 1049">
	<meta http-equiv="content-type" content="text/html;charset=ISO-8859-1">
	
		
	 
	
	
	
	
	
	
	<title> Authorization warning</title>
	</head>
	
	<body bgcolor="#ffffff">
	<p><font size=4 color="#0099cc" face='Arial,Helvetica,Geneva,Swiss,SunSans-Regular,sans-serif'>Warning</font></p>
	
	<hr color="#0099cc">
	
	<p align="center"><b><font size=3 face='Arial,Helvetica,Geneva,Swiss,SunSans-Regular,sans-serif'>System Authentication Failed.</font></b></p>
	
	<p align="center"><BR><font size=-1 face='Arial,Helvetica,Geneva,Swiss,SunSans-Regular,sans-serif'>
	Please contact your system administrator for the correct information.</font></p>
	
	</body>
	</html>
	</BODY>
	</HTML>
11:20:28.898590 IP (tos 0x0, ttl 54, id 50362, offset 0, flags [DF], proto TCP (6), length 210)
    167.248.133.54.49336 > 46.21.150.52.80: Flags [P.], cksum 0x6bc6 (correct), seq 1044599283:1044599441, ack 3890479651, win 126, options [nop,nop,TS val 474006608 ecr 229817], length 158: HTTP, length: 158
	GET / HTTP/1.1
	Host: 46.21.150.52
	User-Agent: Mozilla/5.0 (compatible; CensysInspect/1.1; +https://about.censys.io/)
	Accept: */*
	Accept-Encoding: gzip
	
11:20:28.900988 IP (tos 0x0, ttl 62, id 33765, offset 0, flags [DF], proto TCP (6), length 1104)
    46.21.150.52.80 > 167.248.133.54.49336: Flags [P.], cksum 0x85fe (correct), seq 1:1053, ack 158, win 972, options [nop,nop,TS val 229832 ecr 474006608], length 1052: HTTP, length: 1052
	HTTP/1.1 401 Unauthorized
	Server: 
	Date: Sun, 15 Nov 2020 11:20:28 GMT
	WWW-Authenticate: Basic realm="NETGEAR DGN1000 "
	Content-Type: text/html
	Connection: close
	
	<html>
	<head>
	<META http-equiv="Pragma" CONTENT="no-cache">
	<META HTTP-EQUIV="Cache-Control" CONTENT="no-cache">	
	<meta HTTP-EQUIV="Expires" CONTENT="Mon, 06 Jan 1990 00:00:01 GMT"> 
	
	
	<meta name="description" content="DG834N 1049">
	<meta http-equiv="content-type" content="text/html;charset=ISO-8859-1">
	
		
	 
	
	
	
	
	
	
	<title> Authorization warning</title>
	</head>
	
	<body bgcolor="#ffffff">
	<p><font size=4 color="#0099cc" face='Arial,Helvetica,Geneva,Swiss,SunSans-Regular,sans-serif'>Warning</font></p>
	
	<hr color="#0099cc">
	
	<p align="center"><b><font size=3 face='Arial,Helvetica,Geneva,Swiss,SunSans-Regular,sans-serif'>System Authentication Failed.</font></b></p>
	
	<p align="center"><BR><font size=-1 face='Arial,Helvetica,Geneva,Swiss,SunSans-Regular,sans-serif'>
	Please contact your system administrator for the correct information.</font></p>
	
	</body>
	</html>
	</BODY>
	</HTML>
