
07:48:10.060026 IP (tos 0x0, ttl 52, id 16502, offset 0, flags [DF], proto TCP (6), length 162)
    69.162.83.246.38020 > 46.21.150.52.80: Flags [P.], cksum 0x0da7 (correct), seq 3800455047:3800455157, ack 2378561555, win 502, options [nop,nop,TS val 876275185 ecr 195005], length 110: HTTP, length: 110
	GET http://example.com/ HTTP/1.1
	Host: example.com
	User-Agent: Go-http-client/1.1
	Accept-Encoding: gzip
	
07:48:10.086539 IP (tos 0x0, ttl 62, id 469, offset 0, flags [DF], proto TCP (6), length 348)
    46.21.150.52.80 > 69.162.83.246.38020: Flags [P.], cksum 0xdf4f (correct), seq 1:297, ack 110, win 905, options [nop,nop,TS val 195020 ecr 876275185], length 296: HTTP, length: 296
	HTTP/1.1 400 Bad Request
	Server: 
	Date: Sun, 15 Nov 2020 07:48:08 GMT
	Content-Type: text/html
	Connection: close
	
	<HTML>
	<HEAD><TITLE>400 Bad Request</TITLE></HEAD>
	<BODY BGCOLOR="#cc9999" TEXT="#000000" LINK="#2020ff" VLINK="#4040cc">
	<H4>400 Bad Request</H4>
	Bad filename.
	</BODY>
	</HTML>
