
21:54:00.000688 IP (tos 0x0, ttl 52, id 32341, offset 0, flags [DF], proto TCP (6), length 56)
    114.34.119.94.55093 > 46.21.150.52.80: Flags [P.], cksum 0xa192 (correct), seq 10330948:10330964, ack 822003207, win 7260, length 16: HTTP, length: 16
	GET / HTTP/1.1
21:54:00.143836 IP (tos 0x0, ttl 52, id 32342, offset 0, flags [DF], proto TCP (6), length 282)
    114.34.119.94.55093 > 46.21.150.52.80: Flags [P.], cksum 0x487a (correct), seq 16:258, ack 1, win 7260, length 242: HTTP
21:54:00.157637 IP (tos 0x0, ttl 62, id 35316, offset 0, flags [DF], proto TCP (6), length 1092)
    46.21.150.52.80 > 114.34.119.94.55093: Flags [P.], cksum 0x2a93 (correct), seq 1:1053, ack 258, win 980, length 1052: HTTP, length: 1052
	HTTP/1.1 401 Unauthorized
	Server: 
	Date: Sun, 15 Nov 2020 21:54:00 GMT
	WWW-Authenticate: Basic realm="NETGEAR DGN1000 "
	Content-Type: text/html
	Connection: close
	
	<html>
	<head>
	<META http-equiv="Pragma" CONTENT="no-cache">
	<META HTTP-EQUIV="Cache-Control" CONTENT="no-cache">	
	<meta HTTP-EQUIV="Expires" CONTENT="Mon, 06 Jan 1990 00:00:01 GMT"> 
	
	
	<meta name="description" content="DG834N 1049">
	<meta http-equiv="content-type" content="text/html;charset=ISO-8859-1">
	
		
	 
	
	
	
	
	
	
	<title> Authorization warning</title>
	</head>
	
	<body bgcolor="#ffffff">
	<p><font size=4 color="#0099cc" face='Arial,Helvetica,Geneva,Swiss,SunSans-Regular,sans-serif'>Warning</font></p>
	
	<hr color="#0099cc">
	
	<p align="center"><b><font size=3 face='Arial,Helvetica,Geneva,Swiss,SunSans-Regular,sans-serif'>System Authentication Failed.</font></b></p>
	
	<p align="center"><BR><font size=-1 face='Arial,Helvetica,Geneva,Swiss,SunSans-Regular,sans-serif'>
	Please contact your system administrator for the correct information.</font></p>
	
	</body>
	</html>
	</BODY>
	</HTML>
