
15:21:44.133148 IP (tos 0x0, ttl 108, id 31383, offset 0, flags [DF], proto TCP (6), length 256)
    117.239.149.94.61936 > 46.21.150.52.80: Flags [P.], cksum 0x5053 (correct), seq 1922489999:1922490215, ack 2416766563, win 65535, length 216: HTTP, length: 216
	GET /manager/html HTTP/1.1
	User-Agent: User-Agent:Mozilla/4.0 (compatible; MSIE 6.0; Windows NT 5.2; .NET CLR 1.0.3705
	Accept: */*
	Accept-Language: zh-cn,en-us;q=0.5
	Host: 46.21.150.52
	Connection: Keep-Alive
	
15:21:44.155585 IP (tos 0x0, ttl 62, id 9357, offset 0, flags [DF], proto TCP (6), length 809)
    46.21.150.52.80 > 117.239.149.94.61936: Flags [P.], cksum 0x9430 (correct), seq 1:770, ack 216, win 15544, length 769: HTTP, length: 769
	HTTP/1.1 404 Not Found
	Server: 
	Date: Sun, 15 Nov 2020 15:21:42 GMT
	Content-Type: text/html
	Connection: close
	
	<HTML>
	<HEAD><TITLE>404 Not Found</TITLE></HEAD>
	<BODY BGCOLOR="#cc9999" TEXT="#000000" LINK="#2020ff" VLINK="#4040cc">
	<H4>404 Not Found</H4>
	File not found.
	<!--
	Padding so that MSIE deigns to show this error instead of its own canned one.
	Padding so that MSIE deigns to show this error instead of its own canned one.
	Padding so that MSIE deigns to show this error instead of its own canned one.
	Padding so that MSIE deigns to show this error instead of its own canned one.
	Padding so that MSIE deigns to show this error instead of its own canned one.
	Padding so that MSIE deigns to show this error instead of its own canned one.
	-->
	</BODY>
	</HTML>
15:21:44.896215 IP (tos 0x0, ttl 108, id 31951, offset 0, flags [DF], proto TCP (6), length 110)
    117.239.149.94.62982 > 46.21.150.52.80: Flags [P.], cksum 0xdfb4 (correct), seq 398582335:398582405, ack 2431775313, win 65535, length 70: HTTP
15:22:14.572182 IP (tos 0x0, ttl 62, id 14848, offset 0, flags [DF], proto TCP (6), length 341)
    46.21.150.52.80 > 117.239.149.94.62982: Flags [P.], cksum 0x0229 (correct), seq 1:302, ack 71, win 14600, length 301: HTTP, length: 301
	(null) 400 Bad Request
	Server: 
	Date: Sun, 15 Nov 2020 15:22:13 GMT
	Content-Type: text/html
	Connection: close
	
	<HTML>
	<HEAD><TITLE>400 Bad Request</TITLE></HEAD>
	<BODY BGCOLOR="#cc9999" TEXT="#000000" LINK="#2020ff" VLINK="#4040cc">
	<H4>400 Bad Request</H4>
	Can't parse request.
	</BODY>
	</HTML>
15:22:42.431596 IP (tos 0x0, ttl 53, id 54258, offset 0, flags [DF], proto TCP (6), length 161)
    192.241.219.95.46636 > 46.21.150.52.80: Flags [P.], cksum 0x8286 (correct), seq 2401581345:2401581454, ack 3334548869, win 229, options [nop,nop,TS val 1305882900 ecr 263125], length 109: HTTP, length: 109
	GET / HTTP/1.1
	Host: 46.21.150.52
	User-Agent: Mozilla/5.0 zgrab/0.x
	Accept: */*
	Accept-Encoding: gzip
	
15:22:42.438451 IP (tos 0x0, ttl 62, id 11859, offset 0, flags [DF], proto TCP (6), length 1104)
    46.21.150.52.80 > 192.241.219.95.46636: Flags [P.], cksum 0xbb1e (correct), seq 1:1053, ack 109, win 905, options [nop,nop,TS val 263135 ecr 1305882900], length 1052: HTTP, length: 1052
	HTTP/1.1 401 Unauthorized
	Server: 
	Date: Sun, 15 Nov 2020 15:22:41 GMT
	WWW-Authenticate: Basic realm="NETGEAR DGN1000 "
	Content-Type: text/html
	Connection: close
	
	<html>
	<head>
	<META http-equiv="Pragma" CONTENT="no-cache">
	<META HTTP-EQUIV="Cache-Control" CONTENT="no-cache">	
	<meta HTTP-EQUIV="Expires" CONTENT="Mon, 06 Jan 1990 00:00:01 GMT"> 
	
	
	<meta name="description" content="DG834N 1049">
	<meta http-equiv="content-type" content="text/html;charset=ISO-8859-1">
	
		
	 
	
	
	
	
	
	
	<title> Authorization warning</title>
	</head>
	
	<body bgcolor="#ffffff">
	<p><font size=4 color="#0099cc" face='Arial,Helvetica,Geneva,Swiss,SunSans-Regular,sans-serif'>Warning</font></p>
	
	<hr color="#0099cc">
	
	<p align="center"><b><font size=3 face='Arial,Helvetica,Geneva,Swiss,SunSans-Regular,sans-serif'>System Authentication Failed.</font></b></p>
	
	<p align="center"><BR><font size=-1 face='Arial,Helvetica,Geneva,Swiss,SunSans-Regular,sans-serif'>
	Please contact your system administrator for the correct information.</font></p>
	
	</body>
	</html>
	</BODY>
	</HTML>
