
11:37:08.001138 IP (tos 0x0, ttl 56, id 18415, offset 0, flags [DF], proto TCP (6), length 165)
    209.141.38.172.40808 > 46.21.150.52.80: Flags [P.], cksum 0xc19e (correct), seq 933807648:933807761, ack 2280827338, win 229, options [nop,nop,TS val 3586832240 ecr 29564], length 113: HTTP, length: 113
	GET /hEjE HTTP/1.1
	Host: 46.21.150.52
	User-Agent: Mozilla/5.0 zgrab/0.x
	Accept: */*
	Accept-Encoding: gzip
	
11:37:08.019598 IP (tos 0x0, ttl 62, id 55884, offset 0, flags [DF], proto TCP (6), length 344)
    46.21.150.52.80 > 209.141.38.172.40808: Flags [P.], cksum 0x5ca5 (correct), seq 1:293, ack 113, win 905, options [nop,nop,TS val 29573 ecr 3586832240], length 292: HTTP, length: 292
	HTTP/1.1 404 Not Found
	Server: 
	Date: Sun, 15 Nov 2020 11:37:07 GMT
	Content-Type: text/html
	Connection: close
	
	<HTML>
	<HEAD><TITLE>404 Not Found</TITLE></HEAD>
	<BODY BGCOLOR="#cc9999" TEXT="#000000" LINK="#2020ff" VLINK="#4040cc">
	<H4>404 Not Found</H4>
	File not found.
	</BODY>
	</HTML>
11:46:19.105976 IP (tos 0x2,ECT(0), ttl 118, id 29987, offset 0, flags [DF], proto TCP (6), length 87)
    194.61.55.190.2107 > 46.21.150.52.80: Flags [P.], cksum 0xd963 (correct), seq 3726037229:3726037276, ack 2327808184, win 200, length 47: HTTP
11:47:19.111449 IP (tos 0x2,ECT(0), ttl 62, id 1290, offset 0, flags [DF], proto TCP (6), length 240)
    46.21.150.52.80 > 194.61.55.190.2107: Flags [P.], cksum 0xe9ef (correct), seq 1:201, ack 47, win 913, length 200: HTTP, length: 200
	(null) 408 Request Timeout
	Server: 
	Date: Sun, 15 Nov 2020 11:47:18 GMT
	Content-Type: text/html
	Connection: close
	
	<HTML>
	<HEAD><TITLE>408 Request Timeout</TITLE></HEAD>
	<BODY BGCOLOR="#cc9999" [!http]
