
21:02:31.073511 IP (tos 0x0, ttl 116, id 26544, offset 0, flags [DF], proto TCP (6), length 102)
    185.188.183.187.53077 > 46.21.150.52.80: Flags [P.], cksum 0x6866 (correct), seq 1082755222:1082755284, ack 2641349164, win 513, length 62: HTTP, length: 62
	GET / HTTP/1.1
	Host: 46.21.150.52
	Connection: Keep-Alive
	
21:02:31.093235 IP (tos 0x0, ttl 62, id 43355, offset 0, flags [DF], proto TCP (6), length 1092)
    46.21.150.52.80 > 185.188.183.187.53077: Flags [P.], cksum 0x28ae (correct), seq 1:1053, ack 62, win 913, length 1052: HTTP, length: 1052
	HTTP/1.1 401 Unauthorized
	Server: 
	Date: Sat, 14 Nov 2020 21:02:30 GMT
	WWW-Authenticate: Basic realm="NETGEAR DGN1000 "
	Content-Type: text/html
	Connection: close
	
	<html>
	<head>
	<META http-equiv="Pragma" CONTENT="no-cache">
	<META HTTP-EQUIV="Cache-Control" CONTENT="no-cache">	
	<meta HTTP-EQUIV="Expires" CONTENT="Mon, 06 Jan 1990 00:00:01 GMT"> 
	
	
	<meta name="description" content="DG834N 1049">
	<meta http-equiv="content-type" content="text/html;charset=ISO-8859-1">
	
		
	 
	
	
	
	
	
	
	<title> Authorization warning</title>
	</head>
	
	<body bgcolor="#ffffff">
	<p><font size=4 color="#0099cc" face='Arial,Helvetica,Geneva,Swiss,SunSans-Regular,sans-serif'>Warning</font></p>
	
	<hr color="#0099cc">
	
	<p align="center"><b><font size=3 face='Arial,Helvetica,Geneva,Swiss,SunSans-Regular,sans-serif'>System Authentication Failed.</font></b></p>
	
	<p align="center"><BR><font size=-1 face='Arial,Helvetica,Geneva,Swiss,SunSans-Regular,sans-serif'>
	Please contact your system administrator for the correct information.</font></p>
	
	</body>
	</html>
	</BODY>
	</HTML>
