
21:18:00.362520 IP (tos 0x0, ttl 52, id 2250, offset 0, flags [DF], proto TCP (6), length 223)
    51.254.59.113.9325 > 46.21.150.52.80: Flags [P.], cksum 0xf749 (correct), seq 722905000:722905171, ack 1415396457, win 229, options [nop,nop,TS val 2595873297 ecr 192476], length 171: HTTP, length: 171
	GET / HTTP/1.1
	Connection: close
	User-Agent: Mozilla/5.0 (Windows NT 6.1) AppleWebKit/537.36 (KHTML, like Gecko) Chrome/41.0.2228.0 Safari/537.36
	Host: 46.21.150.52
	
21:18:00.380756 IP (tos 0x0, ttl 62, id 54168, offset 0, flags [DF], proto TCP (6), length 1104)
    46.21.150.52.80 > 51.254.59.113.9325: Flags [P.], cksum 0xe545 (correct), seq 1:1053, ack 171, win 972, options [nop,nop,TS val 192519 ecr 2595873297], length 1052: HTTP, length: 1052
	HTTP/1.1 401 Unauthorized
	Server: 
	Date: Sun, 15 Nov 2020 21:18:00 GMT
	WWW-Authenticate: Basic realm="NETGEAR DGN1000 "
	Content-Type: text/html
	Connection: close
	
	<html>
	<head>
	<META http-equiv="Pragma" CONTENT="no-cache">
	<META HTTP-EQUIV="Cache-Control" CONTENT="no-cache">	
	<meta HTTP-EQUIV="Expires" CONTENT="Mon, 06 Jan 1990 00:00:01 GMT"> 
	
	
	<meta name="description" content="DG834N 1049">
	<meta http-equiv="content-type" content="text/html;charset=ISO-8859-1">
	
		
	 
	
	
	
	
	
	
	<title> Authorization warning</title>
	</head>
	
	<body bgcolor="#ffffff">
	<p><font size=4 color="#0099cc" face='Arial,Helvetica,Geneva,Swiss,SunSans-Regular,sans-serif'>Warning</font></p>
	
	<hr color="#0099cc">
	
	<p align="center"><b><font size=3 face='Arial,Helvetica,Geneva,Swiss,SunSans-Regular,sans-serif'>System Authentication Failed.</font></b></p>
	
	<p align="center"><BR><font size=-1 face='Arial,Helvetica,Geneva,Swiss,SunSans-Regular,sans-serif'>
	Please contact your system administrator for the correct information.</font></p>
	
	</body>
	</html>
	</BODY>
	</HTML>
21:20:58.823439 IP (tos 0x0, ttl 51, id 51713, offset 0, flags [DF], proto TCP (6), length 235)
    167.249.102.208.24536 > 46.21.150.52.80: Flags [P.], cksum 0x7adf (correct), seq 3350351750:3350351933, ack 4230181281, win 1800, options [nop,nop,TS val 8816274 ecr 237070], length 183: HTTP, length: 183
	GET / HTTP/1.1
	Host: 46.21.150.52:80
	User-Agent: Mozilla/5.0 (Windows NT 6.1; WOW64) AppleWebKit/537.36 (KHTML, like Gecko) Chrome/51.0.2704.103 Safari/537.36
	Content-Length: 0
	
21:20:58.827939 IP (tos 0x0, ttl 62, id 61420, offset 0, flags [DF], proto TCP (6), length 1104)
    46.21.150.52.80 > 167.249.102.208.24536: Flags [P.], cksum 0x3361 (correct), seq 1:1053, ack 183, win 972, options [nop,nop,TS val 237130 ecr 8816274], length 1052: HTTP, length: 1052
	HTTP/1.1 401 Unauthorized
	Server: 
	Date: Sun, 15 Nov 2020 21:20:58 GMT
	WWW-Authenticate: Basic realm="NETGEAR DGN1000 "
	Content-Type: text/html
	Connection: close
	
	<html>
	<head>
	<META http-equiv="Pragma" CONTENT="no-cache">
	<META HTTP-EQUIV="Cache-Control" CONTENT="no-cache">	
	<meta HTTP-EQUIV="Expires" CONTENT="Mon, 06 Jan 1990 00:00:01 GMT"> 
	
	
	<meta name="description" content="DG834N 1049">
	<meta http-equiv="content-type" content="text/html;charset=ISO-8859-1">
	
		
	 
	
	
	
	
	
	
	<title> Authorization warning</title>
	</head>
	
	<body bgcolor="#ffffff">
	<p><font size=4 color="#0099cc" face='Arial,Helvetica,Geneva,Swiss,SunSans-Regular,sans-serif'>Warning</font></p>
	
	<hr color="#0099cc">
	
	<p align="center"><b><font size=3 face='Arial,Helvetica,Geneva,Swiss,SunSans-Regular,sans-serif'>System Authentication Failed.</font></b></p>
	
	<p align="center"><BR><font size=-1 face='Arial,Helvetica,Geneva,Swiss,SunSans-Regular,sans-serif'>
	Please contact your system administrator for the correct information.</font></p>
	
	</body>
	</html>
	</BODY>
	</HTML>
