
21:34:41.403863 IP (tos 0x0, ttl 54, id 2138, offset 0, flags [DF], proto TCP (6), length 56)
    59.126.191.158.36989 > 46.21.150.52.80: Flags [P.], cksum 0x99ce (correct), seq 1562595091:1562595107, ack 2723514683, win 7260, length 16: HTTP, length: 16
	GET / HTTP/1.1
21:34:41.543627 IP (tos 0x0, ttl 54, id 2139, offset 0, flags [DF], proto TCP (6), length 282)
    59.126.191.158.36989 > 46.21.150.52.80: Flags [P.], cksum 0x40b6 (correct), seq 16:258, ack 1, win 7260, length 242: HTTP
21:34:41.565838 IP (tos 0x0, ttl 62, id 27216, offset 0, flags [DF], proto TCP (6), length 1092)
    46.21.150.52.80 > 59.126.191.158.36989: Flags [P.], cksum 0x32cc (correct), seq 1:1053, ack 258, win 980, length 1052: HTTP, length: 1052
	HTTP/1.1 401 Unauthorized
	Server: 
	Date: Sat, 14 Nov 2020 21:34:40 GMT
	WWW-Authenticate: Basic realm="NETGEAR DGN1000 "
	Content-Type: text/html
	Connection: close
	
	<html>
	<head>
	<META http-equiv="Pragma" CONTENT="no-cache">
	<META HTTP-EQUIV="Cache-Control" CONTENT="no-cache">	
	<meta HTTP-EQUIV="Expires" CONTENT="Mon, 06 Jan 1990 00:00:01 GMT"> 
	
	
	<meta name="description" content="DG834N 1049">
	<meta http-equiv="content-type" content="text/html;charset=ISO-8859-1">
	
		
	 
	
	
	
	
	
	
	<title> Authorization warning</title>
	</head>
	
	<body bgcolor="#ffffff">
	<p><font size=4 color="#0099cc" face='Arial,Helvetica,Geneva,Swiss,SunSans-Regular,sans-serif'>Warning</font></p>
	
	<hr color="#0099cc">
	
	<p align="center"><b><font size=3 face='Arial,Helvetica,Geneva,Swiss,SunSans-Regular,sans-serif'>System Authentication Failed.</font></b></p>
	
	<p align="center"><BR><font size=-1 face='Arial,Helvetica,Geneva,Swiss,SunSans-Regular,sans-serif'>
	Please contact your system administrator for the correct information.</font></p>
	
	</body>
	</html>
	</BODY>
	</HTML>
