
03:50:59.721845 IP (tos 0x0, ttl 51, id 50850, offset 0, flags [DF], proto TCP (6), length 403)
    2.57.122.186.49414 > 46.21.150.52.80: Flags [P.], cksum 0x8122 (correct), seq 1607794764:1607795115, ack 3407750599, win 229, options [nop,nop,TS val 1333011279 ecr 237362], length 351: HTTP, length: 351
	GET /config/getuser?index=0 HTTP/1.1
	Host: 46.21.150.52:80
	User-Agent: Mozilla/5.0 (X11; Ubuntu; Linux x86_64; rv:76.0) Gecko/20100101 Firefox/76.0
	Accept: text/html,application/xhtml+xml,application/xml;q=0.9,image/webp,*/*;q=0.8
	Accept-Language: en-GB,en;q=0.5
	Accept-Encoding: gzip, deflate
	Connection: close
	Upgrade-Insecure-Requests: 1
	
03:50:59.753238 IP (tos 0x0, ttl 62, id 47770, offset 0, flags [DF], proto TCP (6), length 344)
    46.21.150.52.80 > 2.57.122.186.49414: Flags [P.], cksum 0x7c33 (correct), seq 1:293, ack 351, win 972, options [nop,nop,TS val 237413 ecr 1333011279], length 292: HTTP, length: 292
	HTTP/1.1 404 Not Found
	Server: 
	Date: Sun, 15 Nov 2020 03:50:59 GMT
	Content-Type: text/html
	Connection: close
	
	<HTML>
	<HEAD><TITLE>404 Not Found</TITLE></HEAD>
	<BODY BGCOLOR="#cc9999" TEXT="#000000" LINK="#2020ff" VLINK="#4040cc">
	<H4>404 Not Found</H4>
	File not found.
	</BODY>
	</HTML>
03:58:28.256904 IP (tos 0x2,ECT(0), ttl 114, id 27715, offset 0, flags [DF], proto TCP (6), length 212)
    52.250.104.255.54529 > 46.21.150.52.80: Flags [P.], cksum 0xe6f0 (correct), seq 1464126390:1464126562, ack 1836034791, win 513, length 172: HTTP, length: 172
	GET /pv/000000000000.cfg HTTP/1.1
	User-Agent: Mozilla/5.0 (Windows NT 6.1; Win64; x64; rv:56.0) Gecko/20100101 Firefox/56.0
	Host: 46.21.150.52
	Connection: Keep-Alive
	
03:58:28.259539 IP (tos 0x2,ECT(0), ttl 62, id 65414, offset 0, flags [DF], proto TCP (6), length 332)
    46.21.150.52.80 > 52.250.104.255.54529: Flags [P.], cksum 0xaad0 (correct), seq 1:293, ack 172, win 980, length 292: HTTP, length: 292
	HTTP/1.1 404 Not Found
	Server: 
	Date: Sun, 15 Nov 2020 03:58:27 GMT
	Content-Type: text/html
	Connection: close
	
	<HTML>
	<HEAD><TITLE>404 Not Found</TITLE></HEAD>
	<BODY BGCOLOR="#cc9999" TEXT="#000000" LINK="#2020ff" VLINK="#4040cc">
	<H4>404 Not Found</H4>
	File not found.
	</BODY>
	</HTML>
