
08:39:54.186480 IP (tos 0x0, ttl 62, id 18185, offset 0, flags [DF], proto TCP (6), length 353)
    46.21.150.52.80 > 221.178.56.30.33048: Flags [P.], cksum 0x09e8 (correct), seq 3537328044:3537328345, ack 832013093, win 905, options [nop,nop,TS val 71101 ecr 1345950557], length 301: HTTP, length: 301
	(null) 400 Bad Request
	Server: 
	Date: Sun, 15 Nov 2020 08:39:53 GMT
	Content-Type: text/html
	Connection: close
	
	<HTML>
	<HEAD><TITLE>400 Bad Request</TITLE></HEAD>
	<BODY BGCOLOR="#cc9999" TEXT="#000000" LINK="#2020ff" VLINK="#4040cc">
	<H4>400 Bad Request</H4>
	Can't parse request.
	</BODY>
	</HTML>
08:40:13.156566 IP (tos 0x0, ttl 62, id 37540, offset 0, flags [DF], proto TCP (6), length 353)
    46.21.150.52.80 > 221.178.56.30.37686: Flags [P.], cksum 0x0481 (correct), seq 3852646137:3852646438, ack 1379174169, win 905, options [nop,nop,TS val 75843 ecr 1345969539], length 301: HTTP, length: 301
	(null) 400 Bad Request
	Server: 
	Date: Sun, 15 Nov 2020 08:40:12 GMT
	Content-Type: text/html
	Connection: close
	
	<HTML>
	<HEAD><TITLE>400 Bad Request</TITLE></HEAD>
	<BODY BGCOLOR="#cc9999" TEXT="#000000" LINK="#2020ff" VLINK="#4040cc">
	<H4>400 Bad Request</H4>
	Can't parse request.
	</BODY>
	</HTML>
08:40:13.766462 IP (tos 0x0, ttl 62, id 37542, offset 0, flags [DF], proto TCP (6), length 353)
    46.21.150.52.80 > 221.178.56.30.37686: Flags [P.], cksum 0x03e8 (correct), seq 0:301, ack 1, win 905, options [nop,nop,TS val 75996 ecr 1345969539], length 301: HTTP, length: 301
	(null) 400 Bad Request
	Server: 
	Date: Sun, 15 Nov 2020 08:40:12 GMT
	Content-Type: text/html
	Connection: close
	
	<HTML>
	<HEAD><TITLE>400 Bad Request</TITLE></HEAD>
	<BODY BGCOLOR="#cc9999" TEXT="#000000" LINK="#2020ff" VLINK="#4040cc">
	<H4>400 Bad Request</H4>
	Can't parse request.
	</BODY>
	</HTML>
08:40:14.994047 IP (tos 0x0, ttl 62, id 37543, offset 0, flags [DF], proto TCP (6), length 353)
    46.21.150.52.80 > 221.178.56.30.37686: Flags [P.], cksum 0x02b5 (correct), seq 0:301, ack 1, win 905, options [nop,nop,TS val 76303 ecr 1345969539], length 301: HTTP, length: 301
	(null) 400 Bad Request
	Server: 
	Date: Sun, 15 Nov 2020 08:40:12 GMT
	Content-Type: text/html
	Connection: close
	
	<HTML>
	<HEAD><TITLE>400 Bad Request</TITLE></HEAD>
	<BODY BGCOLOR="#cc9999" TEXT="#000000" LINK="#2020ff" VLINK="#4040cc">
	<H4>400 Bad Request</H4>
	Can't parse request.
	</BODY>
	</HTML>
08:56:45.152241 IP (tos 0x0, ttl 62, id 40918, offset 0, flags [DF], proto TCP (6), length 353)
    46.21.150.52.80 > 221.178.56.60.15616: Flags [P.], cksum 0xc840 (correct), seq 2227925934:2227926235, ack 4200069365, win 905, options [nop,nop,TS val 323839 ecr 3287988852], length 301: HTTP, length: 301
	(null) 400 Bad Request
	Server: 
	Date: Sun, 15 Nov 2020 08:56:44 GMT
	Content-Type: text/html
	Connection: close
	
	<HTML>
	<HEAD><TITLE>400 Bad Request</TITLE></HEAD>
	<BODY BGCOLOR="#cc9999" TEXT="#000000" LINK="#2020ff" VLINK="#4040cc">
	<H4>400 Bad Request</H4>
	Can't parse request.
	</BODY>
	</HTML>
08:56:45.747821 IP (tos 0x0, ttl 62, id 40920, offset 0, flags [DF], proto TCP (6), length 353)
    46.21.150.52.80 > 221.178.56.60.15616: Flags [P.], cksum 0xc7aa (correct), seq 0:301, ack 1, win 905, options [nop,nop,TS val 323989 ecr 3287988852], length 301: HTTP, length: 301
	(null) 400 Bad Request
	Server: 
	Date: Sun, 15 Nov 2020 08:56:44 GMT
	Content-Type: text/html
	Connection: close
	
	<HTML>
	<HEAD><TITLE>400 Bad Request</TITLE></HEAD>
	<BODY BGCOLOR="#cc9999" TEXT="#000000" LINK="#2020ff" VLINK="#4040cc">
	<H4>400 Bad Request</H4>
	Can't parse request.
	</BODY>
	</HTML>
08:57:42.937259 IP (tos 0x0, ttl 62, id 33219, offset 0, flags [DF], proto TCP (6), length 397)
    46.21.150.52.80 > 221.178.56.60.16630: Flags [P.], cksum 0xfa49 (correct), seq 2260102935:2260103280, ack 815759213, win 905, options [nop,nop,TS val 338286 ecr 3287986629], length 345: HTTP, length: 345
	(null) 408 Request Timeout
	Server: 
	Date: Sun, 15 Nov 2020 08:57:42 GMT
	Content-Type: text/html
	Connection: close
	
	<HTML>
	<HEAD><TITLE>408 Request Timeout</TITLE></HEAD>
	<BODY BGCOLOR="#cc9999" TEXT="#000000" LINK="#2020ff" VLINK="#4040cc">
	<H4>408 Request Timeout</H4>
	No request appeared within a reasonable time period.
	</BODY>
	</HTML>
