
00:02:07.187474 IP (tos 0x0, ttl 54, id 16777, offset 0, flags [DF], proto TCP (6), length 175)
    192.241.237.192.54218 > 46.21.150.52.80: Flags [P.], cksum 0xf644 (correct), seq 563891611:563891734, ack 591962486, win 229, options [nop,nop,TS val 1313590808 ecr 4294921334], length 123: HTTP, length: 123
	GET /portal/redlion HTTP/1.1
	Host: 46.21.150.52
	User-Agent: Mozilla/5.0 zgrab/0.x
	Accept: */*
	Accept-Encoding: gzip
	
00:02:07.205441 IP (tos 0x0, ttl 62, id 60686, offset 0, flags [DF], proto TCP (6), length 344)
    46.21.150.52.80 > 192.241.237.192.54218: Flags [P.], cksum 0x0f3a (correct), seq 1:293, ack 123, win 905, options [nop,nop,TS val 4294921343 ecr 1313590808], length 292: HTTP, length: 292
	HTTP/1.1 404 Not Found
	Server: 
	Date: Mon, 16 Nov 2020 00:02:06 GMT
	Content-Type: text/html
	Connection: close
	
	<HTML>
	<HEAD><TITLE>404 Not Found</TITLE></HEAD>
	<BODY BGCOLOR="#cc9999" TEXT="#000000" LINK="#2020ff" VLINK="#4040cc">
	<H4>404 Not Found</H4>
	File not found.
	</BODY>
	</HTML>
